<?xml version="1.0" encoding="UTF-8"?>
<testsuite xmlns:xsi="http://www.w3.org/2001/XMLSchema-instance" xsi:noNamespaceSchemaLocation="https://maven.apache.org/surefire/maven-surefire-plugin/xsd/surefire-test-report.xsd" name="io.petstoreAPI.runners.CukesRunner" time="4.989" tests="2" errors="0" skipped="0" failures="0">
  <properties>
[...]
</properties>
  <testcase name="Validate pets quantity with getPetsByStatus method in live Api server" classname="Validate how many pets have the status “available” and the name “doggie”" time="3.227"/>
  <testcase name="Validate pets quantity with getPetsByStatus method in WireMock server" classname="Validate how many pets have the status “available” and the name “doggie”" time="0.58"/>
</testsuite>